<?xml version="1.0" encoding="UTF-8"?>
<!-- Generated by org.testng.reporters.JUnitReportReporter -->
<testsuite hostname="Hariprasad" failures="0" tests="1" name="UiAutomation.LoginPage" time="16.670" errors="0" timestamp="2024-07-16T19:10:14 CEST" skipped="0">
  <testcase classname="UiAutomation.LoginPage" name="runLoginPage" time="16.670"/>
</testsuite> <!-- UiAutomation.LoginPage -->
