<?xml version="1.0" encoding="UTF-8"?>
<!-- Generated by org.testng.reporters.JUnitReportReporter -->
<testsuite hostname="Hariprasad" failures="0" tests="2" name="TestCase.LoginPage" time="47.450" errors="0" timestamp="2024-07-19T18:53:45 CEST" skipped="0">
  <testcase classname="TestCase.LoginPage" name="runLoginPage" time="17.094"/>
  <system-out/>
  <testcase classname="TestCase.LoginPage" name="runLoginPage" time="30.356"/>
  <system-out/>
</testsuite> <!-- TestCase.LoginPage -->
