<?xml version="1.0" encoding="UTF-8"?>
<!-- Generated by org.testng.reporters.JUnitReportReporter -->
<testsuite hostname="Hariprasad" failures="0" tests="1" name="Annotations.NewTest" time="0.009" errors="0" timestamp="2024-07-16T20:05:31 CEST" skipped="0">
  <testcase classname="Annotations.NewTest" name="test1" time="0.009"/>
</testsuite> <!-- Annotations.NewTest -->
