<?xml version="1.0" encoding="UTF-8"?>
<!-- Generated by org.testng.reporters.JUnitReportReporter -->
<testsuite hostname="Hariprasad" failures="0" tests="2" name="TestCase.FrontPage" time="36.076" errors="0" timestamp="2024-07-19T18:53:45 CEST" skipped="0">
  <testcase classname="TestCase.FrontPage" name="runFrontPage" time="18.288"/>
  <system-out/>
  <testcase classname="TestCase.FrontPage" name="runFrontPage" time="17.788"/>
  <system-out/>
</testsuite> <!-- TestCase.FrontPage -->
